Arguments: 
  C:\Program Files\nodejs\node.exe C:\Program Files\nodejs\node_modules\yarn\bin\yarn.js add --exact react react-dom react-scripts cra-template-typescrpit --cwd E:\aProgramme\echarts

PATH: 
  C:\Users\Admin\AppData\Local\Temp\yarn--1680325611980-0.23700412405471072;C:\Users\Admin\AppData\Local\Yarn\Data\global\node_modules\.bin;C:\Users\Admin\AppData\Local\Yarn\Data\link\node_modules\.bin;C:\Users\Admin\AppData\Local\Yarn\bin;C:\Program Files\libexec\lib\node_modules\npm\bin\node-gyp-bin;C:\Program Files\lib\node_modules\npm\bin\node-gyp-bin;C:\Program Files\nodejs\node_modules\npm\bin\node-gyp-bin;C:\Program Files\Python37\Scripts\;C:\Program Files\Python37\;C:\Windows\system32;C:\Windows;C:\Windows\System32\Wbem;C:\Windows\System32\WindowsPowerShell\v1.0\;C:\Windows\System32\OpenSSH\;C:\Program Files (x86)\NVIDIA Corporation\PhysX\Common;C:\Program Files\NVIDIA Corporation\NVIDIA NvDLISR;C:\WINDOWS\system32;C:\WINDOWS;C:\WINDOWS\System32\Wbem;C:\WINDOWS\System32\WindowsPowerShell\v1.0\;C:\WINDOWS\System32\OpenSSH\;D:\jdk1.8.0_102\bin;E:\apache-maven-3.2.5\bin;D:\nvm;C:\Program Files\nodejs;C:\Program Files\Git\cmd;D:\Anaconda;D:\Anaconda\Scripts;D:\Anaconda\Library\mingw-w64\bin;C:\Users\Admin\AppData\Local\Programs\Python\Python38\Scripts\;C:\Users\Admin\AppData\Local\Programs\Python\Python38\;C:\Users\Admin\AppData\Local\Microsoft\WindowsApps;D:\IntelliJ IDEA 2022.3.3\bin;;D:\nvm;C:\Program Files\nodejs;D:\Microsoft VS Code\bin;C:\ProgramData\Anaconda3;C:\ProgramData\Anaconda3\conda-meta;C:\ProgramData\Anaconda3\Lib;C:\ProgramData\Anaconda3\pkgs;

Yarn version: 
  1.22.19

Node version: 
  14.0.0

Platform: 
  win32 x64

Trace: 
  Error: https://registry.yarnpkg.com/cra-template-typescrpit: Not found
      at Request.params.callback [as _callback] (D:\nvm\v14.0.0\node_modules\yarn\lib\cli.js:66145:18)
      at Request.self.callback (D:\nvm\v14.0.0\node_modules\yarn\lib\cli.js:140890:22)
      at Request.emit (events.js:315:20)
      at Request.<anonymous> (D:\nvm\v14.0.0\node_modules\yarn\lib\cli.js:141862:10)
      at Request.emit (events.js:315:20)
      at IncomingMessage.<anonymous> (D:\nvm\v14.0.0\node_modules\yarn\lib\cli.js:141784:12)
      at Object.onceWrapper (events.js:421:28)
      at IncomingMessage.emit (events.js:327:22)
      at endReadableNT (_stream_readable.js:1218:12)
      at processTicksAndRejections (internal/process/task_queues.js:84:21)

npm manifest: 
  {
    "name": "echarts",
    "version": "0.1.0",
    "private": true
  }

yarn manifest: 
  No manifest

Lockfile: 
  No lockfile
